mode: set
/Users/stanik/Documents/repos/_openreq/openreq-git/app/ri-collection-explicit-feedback-google-play-review/crawler.go:29.55,34.6 3 1
/Users/stanik/Documents/repos/_openreq/openreq-git/app/ri-collection-explicit-feedback-google-play-review/crawler.go:109.2,109.19 1 1
/Users/stanik/Documents/repos/_openreq/openreq-git/app/ri-collection-explicit-feedback-google-play-review/crawler.go:34.6,51.32 12 1
/Users/stanik/Documents/repos/_openreq/openreq-git/app/ri-collection-explicit-feedback-google-play-review/crawler.go:56.3,57.78 2 1
/Users/stanik/Documents/repos/_openreq/openreq-git/app/ri-collection-explicit-feedback-google-play-review/crawler.go:62.3,63.17 2 1
/Users/stanik/Documents/repos/_openreq/openreq-git/app/ri-collection-explicit-feedback-google-play-review/crawler.go:67.3,77.74 5 1
/Users/stanik/Documents/repos/_openreq/openreq-git/app/ri-collection-explicit-feedback-google-play-review/crawler.go:82.3,84.38 3 1
/Users/stanik/Documents/repos/_openreq/openreq-git/app/ri-collection-explicit-feedback-google-play-review/crawler.go:103.3,103.25 1 1
/Users/stanik/Documents/repos/_openreq/openreq-git/app/ri-collection-explicit-feedback-google-play-review/crawler.go:107.3,107.8 1 1
/Users/stanik/Documents/repos/_openreq/openreq-git/app/ri-collection-explicit-feedback-google-play-review/crawler.go:51.32,54.4 2 0
/Users/stanik/Documents/repos/_openreq/openreq-git/app/ri-collection-explicit-feedback-google-play-review/crawler.go:57.78,60.4 2 0
/Users/stanik/Documents/repos/_openreq/openreq-git/app/ri-collection-explicit-feedback-google-play-review/crawler.go:63.17,66.4 2 0
/Users/stanik/Documents/repos/_openreq/openreq-git/app/ri-collection-explicit-feedback-google-play-review/crawler.go:77.74,80.4 2 0
/Users/stanik/Documents/repos/_openreq/openreq-git/app/ri-collection-explicit-feedback-google-play-review/crawler.go:84.38,98.45 11 1
/Users/stanik/Documents/repos/_openreq/openreq-git/app/ri-collection-explicit-feedback-google-play-review/crawler.go:98.45,99.10 1 1
/Users/stanik/Documents/repos/_openreq/openreq-git/app/ri-collection-explicit-feedback-google-play-review/crawler.go:103.25,104.9 1 0
/Users/stanik/Documents/repos/_openreq/openreq-git/app/ri-collection-explicit-feedback-google-play-review/crawler.go:112.43,114.2 1 0
/Users/stanik/Documents/repos/_openreq/openreq-git/app/ri-collection-explicit-feedback-google-play-review/crawler.go:116.42,118.2 1 1
/Users/stanik/Documents/repos/_openreq/openreq-git/app/ri-collection-explicit-feedback-google-play-review/crawler.go:120.41,124.16 3 1
/Users/stanik/Documents/repos/_openreq/openreq-git/app/ri-collection-explicit-feedback-google-play-review/crawler.go:128.2,130.16 3 1
/Users/stanik/Documents/repos/_openreq/openreq-git/app/ri-collection-explicit-feedback-google-play-review/crawler.go:134.2,134.19 1 1
/Users/stanik/Documents/repos/_openreq/openreq-git/app/ri-collection-explicit-feedback-google-play-review/crawler.go:124.16,126.3 1 0
/Users/stanik/Documents/repos/_openreq/openreq-git/app/ri-collection-explicit-feedback-google-play-review/crawler.go:130.16,132.3 1 0
/Users/stanik/Documents/repos/_openreq/openreq-git/app/ri-collection-explicit-feedback-google-play-review/crawler.go:137.44,139.2 1 1
/Users/stanik/Documents/repos/_openreq/openreq-git/app/ri-collection-explicit-feedback-google-play-review/crawler.go:141.47,143.2 1 1
/Users/stanik/Documents/repos/_openreq/openreq-git/app/ri-collection-explicit-feedback-google-play-review/crawler.go:145.40,147.2 1 1
/Users/stanik/Documents/repos/_openreq/openreq-git/app/ri-collection-explicit-feedback-google-play-review/crawler.go:149.41,153.16 4 1
/Users/stanik/Documents/repos/_openreq/openreq-git/app/ri-collection-explicit-feedback-google-play-review/crawler.go:168.2,168.11 1 0
/Users/stanik/Documents/repos/_openreq/openreq-git/app/ri-collection-explicit-feedback-google-play-review/crawler.go:153.16,155.3 1 0
/Users/stanik/Documents/repos/_openreq/openreq-git/app/ri-collection-explicit-feedback-google-play-review/crawler.go:155.8,156.14 1 1
/Users/stanik/Documents/repos/_openreq/openreq-git/app/ri-collection-explicit-feedback-google-play-review/crawler.go:156.14,158.4 1 1
/Users/stanik/Documents/repos/_openreq/openreq-git/app/ri-collection-explicit-feedback-google-play-review/crawler.go:158.9,158.21 1 1
/Users/stanik/Documents/repos/_openreq/openreq-git/app/ri-collection-explicit-feedback-google-play-review/crawler.go:158.21,160.4 1 1
/Users/stanik/Documents/repos/_openreq/openreq-git/app/ri-collection-explicit-feedback-google-play-review/crawler.go:160.9,160.21 1 1
/Users/stanik/Documents/repos/_openreq/openreq-git/app/ri-collection-explicit-feedback-google-play-review/crawler.go:160.21,162.4 1 1
/Users/stanik/Documents/repos/_openreq/openreq-git/app/ri-collection-explicit-feedback-google-play-review/crawler.go:162.9,162.21 1 1
/Users/stanik/Documents/repos/_openreq/openreq-git/app/ri-collection-explicit-feedback-google-play-review/crawler.go:162.21,164.4 1 1
/Users/stanik/Documents/repos/_openreq/openreq-git/app/ri-collection-explicit-feedback-google-play-review/crawler.go:164.9,164.22 1 1
/Users/stanik/Documents/repos/_openreq/openreq-git/app/ri-collection-explicit-feedback-google-play-review/crawler.go:164.22,166.4 1 1
/Users/stanik/Documents/repos/_openreq/openreq-git/app/ri-collection-explicit-feedback-google-play-review/crawler.go:171.40,176.16 5 0
/Users/stanik/Documents/repos/_openreq/openreq-git/app/ri-collection-explicit-feedback-google-play-review/crawler.go:180.2,183.10 3 0
/Users/stanik/Documents/repos/_openreq/openreq-git/app/ri-collection-explicit-feedback-google-play-review/crawler.go:176.16,178.3 1 0
/Users/stanik/Documents/repos/_openreq/openreq-git/app/ri-collection-explicit-feedback-google-play-review/crawler.go:186.44,193.2 6 1
/Users/stanik/Documents/repos/_openreq/openreq-git/app/ri-collection-explicit-feedback-google-play-review/starter.go:15.13,22.2 4 0
/Users/stanik/Documents/repos/_openreq/openreq-git/app/ri-collection-explicit-feedback-google-play-review/starter.go:24.44,25.30 1 1
/Users/stanik/Documents/repos/_openreq/openreq-git/app/ri-collection-explicit-feedback-google-play-review/starter.go:25.30,29.3 3 0
/Users/stanik/Documents/repos/_openreq/openreq-git/app/ri-collection-explicit-feedback-google-play-review/starter.go:32.60,40.16 6 1
/Users/stanik/Documents/repos/_openreq/openreq-git/app/ri-collection-explicit-feedback-google-play-review/starter.go:45.2,49.25 3 1
/Users/stanik/Documents/repos/_openreq/openreq-git/app/ri-collection-explicit-feedback-google-play-review/starter.go:40.16,42.3 1 0
/Users/stanik/Documents/repos/_openreq/openreq-git/app/ri-collection-explicit-feedback-google-play-review/starter.go:49.25,52.3 2 1
